<?xml version="1.0" encoding="UTF-8"?>
<coverage generated="1621130085062" clover="3.2.0">
  <project timestamp="1621130085063" name="All files">
    <metrics statements="80" coveredstatements="79" conditionals="16" coveredconditionals="15" methods="8" coveredmethods="7" elements="104" coveredelements="101" complexity="0" loc="80" ncloc="80" packages="1" files="1" classes="1"/>
    <file name="server.js" path="/Users/kevinjohnson/Desktop/thinkful/projects/foodfinder/server/server/server.js">
      <metrics statements="80" coveredstatements="79" conditionals="16" coveredconditionals="15" methods="8" coveredmethods="7"/>
      <line num="1" count="1" type="stmt"/>
      <line num="2" count="1" type="stmt"/>
      <line num="11" count="1" type="stmt"/>
      <line num="14" count="1" type="stmt"/>
      <line num="18" count="1" type="stmt"/>
      <line num="20" count="1" type="stmt"/>
      <line num="21" count="1" type="stmt"/>
      <line num="22" count="1" type="stmt"/>
      <line num="36" count="1" type="cond" truecount="1" falsecount="1"/>
      <line num="38" count="1" type="stmt"/>
      <line num="39" count="1" type="stmt"/>
      <line num="40" count="1" type="stmt"/>
      <line num="41" count="1" type="stmt"/>
      <line num="43" count="1" type="stmt"/>
      <line num="44" count="1" type="stmt"/>
      <line num="46" count="1" type="stmt"/>
      <line num="47" count="1" type="stmt"/>
      <line num="52" count="1" type="stmt"/>
      <line num="53" count="0" type="stmt"/>
      <line num="60" count="1" type="stmt"/>
      <line num="61" count="2" type="stmt"/>
      <line num="62" count="2" type="stmt"/>
      <line num="71" count="2" type="stmt"/>
      <line num="73" count="1" type="stmt"/>
      <line num="83" count="1" type="stmt"/>
      <line num="84" count="1" type="stmt"/>
      <line num="89" count="1" type="stmt"/>
      <line num="90" count="3" type="stmt"/>
      <line num="102" count="3" type="stmt"/>
      <line num="103" count="3" type="stmt"/>
      <line num="106" count="2" type="cond" truecount="2" falsecount="0"/>
      <line num="107" count="1" type="stmt"/>
      <line num="108" count="1" type="stmt"/>
      <line num="117" count="1" type="stmt"/>
      <line num="118" count="1" type="stmt"/>
      <line num="124" count="1" type="stmt"/>
      <line num="125" count="3" type="stmt"/>
      <line num="127" count="3" type="stmt"/>
      <line num="128" count="3" type="stmt"/>
      <line num="129" count="3" type="cond" truecount="2" falsecount="0"/>
      <line num="130" count="1" type="stmt"/>
      <line num="138" count="2" type="stmt"/>
      <line num="140" count="1" type="stmt"/>
      <line num="147" count="1" type="stmt"/>
      <line num="148" count="1" type="stmt"/>
      <line num="154" count="1" type="stmt"/>
      <line num="155" count="4" type="stmt"/>
      <line num="160" count="4" type="stmt"/>
      <line num="161" count="4" type="cond" truecount="2" falsecount="0"/>
      <line num="162" count="1" type="stmt"/>
      <line num="165" count="3" type="stmt"/>
      <line num="166" count="3" type="stmt"/>
      <line num="167" count="3" type="cond" truecount="2" falsecount="0"/>
      <line num="168" count="1" type="stmt"/>
      <line num="171" count="2" type="stmt"/>
      <line num="172" count="1" type="stmt"/>
      <line num="179" count="1" type="stmt"/>
      <line num="180" count="1" type="stmt"/>
      <line num="186" count="1" type="stmt"/>
      <line num="187" count="4" type="stmt"/>
      <line num="188" count="4" type="stmt"/>
      <line num="189" count="3" type="cond" truecount="2" falsecount="0"/>
      <line num="190" count="1" type="stmt"/>
      <line num="191" count="2" type="stmt"/>
      <line num="196" count="2" type="stmt"/>
      <line num="199" count="2" type="cond" truecount="2" falsecount="0"/>
      <line num="200" count="1" type="stmt"/>
      <line num="201" count="1" type="stmt"/>
      <line num="205" count="1" type="stmt"/>
      <line num="206" count="1" type="stmt"/>
      <line num="210" count="1" type="stmt"/>
      <line num="211" count="3" type="stmt"/>
      <line num="217" count="3" type="stmt"/>
      <line num="218" count="3" type="cond" truecount="2" falsecount="0"/>
      <line num="219" count="1" type="stmt"/>
      <line num="222" count="2" type="stmt"/>
      <line num="223" count="1" type="stmt"/>
      <line num="230" count="1" type="stmt"/>
      <line num="231" count="1" type="stmt"/>
      <line num="235" count="1" type="stmt"/>
    </file>
  </project>
</coverage>
