{"/Users/kevinjohnson/Desktop/thinkful/projects/foodfinder/server/server/server.js": {"path":"/Users/kevinjohnson/Desktop/thinkful/projects/foodfinder/server/server/server.js","statementMap":{"0":{"start":{"line":1,"column":0},"end":{"line":1,"column":27}},"1":{"start":{"line":2,"column":16},"end":{"line":2,"column":34}},"2":{"start":{"line":11,"column":13},"end":{"line":11,"column":28}},"3":{"start":{"line":14,"column":15},"end":{"line":14,"column":32}},"4":{"start":{"line":18,"column":31},"end":{"line":18,"column":42}},"5":{"start":{"line":20,"column":25},"end":{"line":236,"column":1}},"6":{"start":{"line":21,"column":14},"end":{"line":21,"column":23}},"7":{"start":{"line":22,"column":2},"end":{"line":22,"column":30}},"8":{"start":{"line":36,"column":23},"end":{"line":36,"column":68}},"9":{"start":{"line":38,"column":2},"end":{"line":38,"column":32}},"10":{"start":{"line":39,"column":2},"end":{"line":39,"column":18}},"11":{"start":{"line":40,"column":2},"end":{"line":40,"column":27}},"12":{"start":{"line":41,"column":2},"end":{"line":41,"column":26}},"13":{"start":{"line":43,"column":21},"end":{"line":43,"column":39}},"14":{"start":{"line":44,"column":17},"end":{"line":44,"column":31}},"15":{"start":{"line":46,"column":2},"end":{"line":46,"column":77}},"16":{"start":{"line":47,"column":2},"end":{"line":50,"column":5}},"17":{"start":{"line":52,"column":2},"end":{"line":54,"column":5}},"18":{"start":{"line":53,"column":4},"end":{"line":53,"column":64}},"19":{"start":{"line":60,"column":2},"end":{"line":86,"column":5}},"20":{"start":{"line":61,"column":4},"end":{"line":61,"column":30}},"21":{"start":{"line":62,"column":4},"end":{"line":85,"column":5}},"22":{"start":{"line":71,"column":26},"end":{"line":71,"column":52}},"23":{"start":{"line":73,"column":6},"end":{"line":81,"column":9}},"24":{"start":{"line":83,"column":6},"end":{"line":83,"column":23}},"25":{"start":{"line":84,"column":6},"end":{"line":84,"column":60}},"26":{"start":{"line":89,"column":2},"end":{"line":120,"column":5}},"27":{"start":{"line":90,"column":4},"end":{"line":119,"column":5}},"28":{"start":{"line":102,"column":19},"end":{"line":102,"column":29}},"29":{"start":{"line":103,"column":23},"end":{"line":105,"column":8}},"30":{"start":{"line":106,"column":6},"end":{"line":107,"column":78}},"31":{"start":{"line":107,"column":8},"end":{"line":107,"column":78}},"32":{"start":{"line":108,"column":6},"end":{"line":115,"column":9}},"33":{"start":{"line":117,"column":6},"end":{"line":117,"column":23}},"34":{"start":{"line":118,"column":6},"end":{"line":118,"column":78}},"35":{"start":{"line":124,"column":2},"end":{"line":150,"column":5}},"36":{"start":{"line":125,"column":4},"end":{"line":125,"column":37}},"37":{"start":{"line":127,"column":4},"end":{"line":149,"column":5}},"38":{"start":{"line":128,"column":27},"end":{"line":128,"column":59}},"39":{"start":{"line":129,"column":6},"end":{"line":132,"column":72}},"40":{"start":{"line":130,"column":8},"end":{"line":132,"column":72}},"41":{"start":{"line":138,"column":25},"end":{"line":138,"column":55}},"42":{"start":{"line":140,"column":6},"end":{"line":145,"column":9}},"43":{"start":{"line":147,"column":6},"end":{"line":147,"column":23}},"44":{"start":{"line":148,"column":6},"end":{"line":148,"column":78}},"45":{"start":{"line":154,"column":2},"end":{"line":182,"column":5}},"46":{"start":{"line":155,"column":4},"end":{"line":181,"column":5}},"47":{"start":{"line":160,"column":29},"end":{"line":160,"column":67}},"48":{"start":{"line":161,"column":6},"end":{"line":164,"column":72}},"49":{"start":{"line":162,"column":8},"end":{"line":164,"column":72}},"50":{"start":{"line":165,"column":19},"end":{"line":165,"column":29}},"51":{"start":{"line":166,"column":25},"end":{"line":166,"column":54}},"52":{"start":{"line":167,"column":6},"end":{"line":170,"column":11}},"53":{"start":{"line":168,"column":8},"end":{"line":170,"column":11}},"54":{"start":{"line":171,"column":32},"end":{"line":171,"column":62}},"55":{"start":{"line":172,"column":6},"end":{"line":177,"column":9}},"56":{"start":{"line":179,"column":6},"end":{"line":179,"column":23}},"57":{"start":{"line":180,"column":6},"end":{"line":180,"column":78}},"58":{"start":{"line":186,"column":2},"end":{"line":208,"column":5}},"59":{"start":{"line":187,"column":4},"end":{"line":207,"column":5}},"60":{"start":{"line":188,"column":23},"end":{"line":188,"column":63}},"61":{"start":{"line":189,"column":6},"end":{"line":190,"column":78}},"62":{"start":{"line":190,"column":8},"end":{"line":190,"column":78}},"63":{"start":{"line":191,"column":29},"end":{"line":195,"column":8}},"64":{"start":{"line":196,"column":32},"end":{"line":198,"column":8}},"65":{"start":{"line":199,"column":6},"end":{"line":200,"column":77}},"66":{"start":{"line":200,"column":8},"end":{"line":200,"column":77}},"67":{"start":{"line":201,"column":6},"end":{"line":203,"column":9}},"68":{"start":{"line":205,"column":6},"end":{"line":205,"column":23}},"69":{"start":{"line":206,"column":6},"end":{"line":206,"column":78}},"70":{"start":{"line":210,"column":2},"end":{"line":233,"column":5}},"71":{"start":{"line":211,"column":4},"end":{"line":232,"column":5}},"72":{"start":{"line":217,"column":29},"end":{"line":217,"column":57}},"73":{"start":{"line":218,"column":6},"end":{"line":221,"column":72}},"74":{"start":{"line":219,"column":8},"end":{"line":221,"column":72}},"75":{"start":{"line":222,"column":21},"end":{"line":222,"column":47}},"76":{"start":{"line":223,"column":6},"end":{"line":228,"column":9}},"77":{"start":{"line":230,"column":6},"end":{"line":230,"column":23}},"78":{"start":{"line":231,"column":6},"end":{"line":231,"column":78}},"79":{"start":{"line":235,"column":2},"end":{"line":235,"column":13}}},"fnMap":{"0":{"name":"(anonymous_0)","decl":{"start":{"line":20,"column":25},"end":{"line":20,"column":26}},"loc":{"start":{"line":20,"column":31},"end":{"line":236,"column":1}},"line":20},"1":{"name":"(anonymous_1)","decl":{"start":{"line":52,"column":15},"end":{"line":52,"column":16}},"loc":{"start":{"line":52,"column":29},"end":{"line":54,"column":3}},"line":52},"2":{"name":"(anonymous_2)","decl":{"start":{"line":60,"column":33},"end":{"line":60,"column":34}},"loc":{"start":{"line":60,"column":53},"end":{"line":86,"column":3}},"line":60},"3":{"name":"(anonymous_3)","decl":{"start":{"line":89,"column":37},"end":{"line":89,"column":38}},"loc":{"start":{"line":89,"column":57},"end":{"line":120,"column":3}},"line":89},"4":{"name":"(anonymous_4)","decl":{"start":{"line":124,"column":34},"end":{"line":124,"column":35}},"loc":{"start":{"line":124,"column":54},"end":{"line":150,"column":3}},"line":124},"5":{"name":"(anonymous_5)","decl":{"start":{"line":154,"column":37},"end":{"line":154,"column":38}},"loc":{"start":{"line":154,"column":57},"end":{"line":182,"column":3}},"line":154},"6":{"name":"(anonymous_6)","decl":{"start":{"line":186,"column":40},"end":{"line":186,"column":41}},"loc":{"start":{"line":186,"column":60},"end":{"line":208,"column":3}},"line":186},"7":{"name":"(anonymous_7)","decl":{"start":{"line":210,"column":48},"end":{"line":210,"column":49}},"loc":{"start":{"line":210,"column":68},"end":{"line":233,"column":3}},"line":210}},"branchMap":{"0":{"loc":{"start":{"line":36,"column":23},"end":{"line":36,"column":68}},"type":"cond-expr","locations":[{"start":{"line":36,"column":51},"end":{"line":36,"column":57}},{"start":{"line":36,"column":60},"end":{"line":36,"column":68}}],"line":36},"1":{"loc":{"start":{"line":106,"column":6},"end":{"line":107,"column":78}},"type":"if","locations":[{"start":{"line":106,"column":6},"end":{"line":107,"column":78}},{"start":{"line":106,"column":6},"end":{"line":107,"column":78}}],"line":106},"2":{"loc":{"start":{"line":129,"column":6},"end":{"line":132,"column":72}},"type":"if","locations":[{"start":{"line":129,"column":6},"end":{"line":132,"column":72}},{"start":{"line":129,"column":6},"end":{"line":132,"column":72}}],"line":129},"3":{"loc":{"start":{"line":161,"column":6},"end":{"line":164,"column":72}},"type":"if","locations":[{"start":{"line":161,"column":6},"end":{"line":164,"column":72}},{"start":{"line":161,"column":6},"end":{"line":164,"column":72}}],"line":161},"4":{"loc":{"start":{"line":167,"column":6},"end":{"line":170,"column":11}},"type":"if","locations":[{"start":{"line":167,"column":6},"end":{"line":170,"column":11}},{"start":{"line":167,"column":6},"end":{"line":170,"column":11}}],"line":167},"5":{"loc":{"start":{"line":189,"column":6},"end":{"line":190,"column":78}},"type":"if","locations":[{"start":{"line":189,"column":6},"end":{"line":190,"column":78}},{"start":{"line":189,"column":6},"end":{"line":190,"column":78}}],"line":189},"6":{"loc":{"start":{"line":199,"column":6},"end":{"line":200,"column":77}},"type":"if","locations":[{"start":{"line":199,"column":6},"end":{"line":200,"column":77}},{"start":{"line":199,"column":6},"end":{"line":200,"column":77}}],"line":199},"7":{"loc":{"start":{"line":218,"column":6},"end":{"line":221,"column":72}},"type":"if","locations":[{"start":{"line":218,"column":6},"end":{"line":221,"column":72}},{"start":{"line":218,"column":6},"end":{"line":221,"column":72}}],"line":218}},"s":{"0":1,"1":1,"2":1,"3":1,"4":1,"5":1,"6":1,"7":1,"8":1,"9":1,"10":1,"11":1,"12":1,"13":1,"14":1,"15":1,"16":1,"17":1,"18":0,"19":1,"20":2,"21":2,"22":2,"23":1,"24":1,"25":1,"26":1,"27":3,"28":3,"29":3,"30":2,"31":1,"32":1,"33":1,"34":1,"35":1,"36":3,"37":3,"38":3,"39":3,"40":1,"41":2,"42":1,"43":1,"44":1,"45":1,"46":4,"47":4,"48":4,"49":1,"50":3,"51":3,"52":3,"53":1,"54":2,"55":1,"56":1,"57":1,"58":1,"59":4,"60":4,"61":3,"62":1,"63":2,"64":2,"65":2,"66":1,"67":1,"68":1,"69":1,"70":1,"71":3,"72":3,"73":3,"74":1,"75":2,"76":1,"77":1,"78":1,"79":1},"f":{"0":1,"1":0,"2":2,"3":3,"4":3,"5":4,"6":4,"7":3},"b":{"0":[0,1],"1":[1,1],"2":[1,2],"3":[1,3],"4":[1,2],"5":[1,2],"6":[1,1],"7":[1,2]},"_coverageSchema":"1a1c01bbd47fc00a2c39e90264f33305004495a9","hash":"40c397cb78c4bb5d95e41773a506277ab4937468"}
}
