TN:
SF:server/server.js
FN:20,(anonymous_0)
FN:52,(anonymous_1)
FN:60,(anonymous_2)
FN:89,(anonymous_3)
FN:124,(anonymous_4)
FN:154,(anonymous_5)
FN:186,(anonymous_6)
FN:210,(anonymous_7)
FNF:8
FNH:7
FNDA:1,(anonymous_0)
FNDA:0,(anonymous_1)
FNDA:2,(anonymous_2)
FNDA:3,(anonymous_3)
FNDA:3,(anonymous_4)
FNDA:4,(anonymous_5)
FNDA:4,(anonymous_6)
FNDA:3,(anonymous_7)
DA:1,1
DA:2,1
DA:11,1
DA:14,1
DA:18,1
DA:20,1
DA:21,1
DA:22,1
DA:36,1
DA:38,1
DA:39,1
DA:40,1
DA:41,1
DA:43,1
DA:44,1
DA:46,1
DA:47,1
DA:52,1
DA:53,0
DA:60,1
DA:61,2
DA:62,2
DA:71,2
DA:73,1
DA:83,1
DA:84,1
DA:89,1
DA:90,3
DA:102,3
DA:103,3
DA:106,2
DA:107,1
DA:108,1
DA:117,1
DA:118,1
DA:124,1
DA:125,3
DA:127,3
DA:128,3
DA:129,3
DA:130,1
DA:138,2
DA:140,1
DA:147,1
DA:148,1
DA:154,1
DA:155,4
DA:160,4
DA:161,4
DA:162,1
DA:165,3
DA:166,3
DA:167,3
DA:168,1
DA:171,2
DA:172,1
DA:179,1
DA:180,1
DA:186,1
DA:187,4
DA:188,4
DA:189,3
DA:190,1
DA:191,2
DA:196,2
DA:199,2
DA:200,1
DA:201,1
DA:205,1
DA:206,1
DA:210,1
DA:211,3
DA:217,3
DA:218,3
DA:219,1
DA:222,2
DA:223,1
DA:230,1
DA:231,1
DA:235,1
LF:80
LH:79
BRDA:36,0,0,0
BRDA:36,0,1,1
BRDA:106,1,0,1
BRDA:106,1,1,1
BRDA:129,2,0,1
BRDA:129,2,1,2
BRDA:161,3,0,1
BRDA:161,3,1,3
BRDA:167,4,0,1
BRDA:167,4,1,2
BRDA:189,5,0,1
BRDA:189,5,1,2
BRDA:199,6,0,1
BRDA:199,6,1,1
BRDA:218,7,0,1
BRDA:218,7,1,2
BRF:16
BRH:15
end_of_record
